0001_0058_0019_0033_0033.jpg 1 58 19 33 33
0002_0034_0027_0034_0034.jpg 1 34 27 34 34
0003_0013_0021_0034_0034.jpg 1 13 21 34 34
0004_0023_0034_0042_0042.jpg 1 23 34 42 42
0005_0034_0033_0041_0041.jpg 1 34 33 41 41
0006_0003_0006_0061_0061.jpg 1 3 6 61 61
0007_0051_0008_0040_0040.jpg 1 51 8 40 40
0008_0033_0035_0057_0057.jpg 1 33 35 57 57
0009_0030_0016_0033_0033.jpg 1 30 16 33 33
0010_0024_0028_0035_0035.jpg 1 24 28 35 35
0011_0057_0058_0025_0025.jpg 1 57 58 25 25
0012_0034_0016_0060_0060.jpg 1 34 16 60 60
0013_0059_0065_0025_0025.jpg 1 59 65 25 25
0014_0032_0033_0055_0055.jpg 1 32 33 55 55
0015_0006_0007_0066_0066.jpg 1 6 7 66 66
0016_0043_0010_0040_0040.jpg 1 43 10 40 40
0017_0015_0008_0060_0060.jpg 1 15 8 60 60
0018_0009_0022_0059_0059.jpg 1 9 22 59 59
0019_0033_0054_0024_0024.jpg 1 33 54 24 24
0020_0026_0028_0067_0067.jpg 1 26 28 67 67
0021_0040_0031_0049_0049.jpg 1 40 31 49 49
0022_0012_0010_0049_0049.jpg 1 12 10 49 49
0023_0024_0042_0047_0047.jpg 1 24 42 47 47
0024_0022_0013_0063_0063.jpg 1 22 13 63 63
0025_0030_0029_0060_0060.jpg 1 30 29 60 60
0026_0006_0039_0038_0038.jpg 1 6 39 38 38
0027_0055_0066_0024_0024.jpg 1 55 66 24 24
0028_0018_0026_0065_0065.jpg 1 18 26 65 65
0029_0006_0034_0035_0035.jpg 1 6 34 35 35
0030_0025_0029_0038_0038.jpg 1 25 29 38 38
0031_0037_0018_0034_0034.jpg 1 37 18 34 34
0032_0045_0038_0031_0031.jpg 1 45 38 31 31
0033_0030_0039_0046_0046.jpg 1 30 39 46 46
0034_0024_0045_0036_0036.jpg 1 24 45 36 36
0035_0008_0023_0058_0058.jpg 1 8 23 58 58
0036_0031_0037_0050_0050.jpg 1 31 37 50 50
0037_0054_0033_0035_0035.jpg 1 54 33 35 35
0038_0062_0008_0029_0029.jpg 1 62 8 29 29
0039_0004_0034_0056_0056.jpg 1 4 34 56 56
0040_0007_0052_0034_0034.jpg 1 7 52 34 34
0041_0051_0027_0028_0028.jpg 1 51 27 28 28
0042_0045_0050_0042_0042.jpg 1 45 50 42 42
0043_0035_0051_0032_0032.jpg 1 35 51 32 32
0044_0041_0011_0032_0032.jpg 1 41 11 32 32
0045_0035_0020_0041_0041.jpg 1 35 20 41 41
0046_0028_0034_0026_0026.jpg 1 28 34 26 26
0047_0062_0024_0025_0025.jpg 1 62 24 25 25
0048_0024_0025_0053_0053.jpg 1 24 25 53 53
0049_0009_0010_0044_0044.jpg 1 9 10 44 44
0050_0023_0008_0048_0048.jpg 1 23 8 48 48
0051_0049_0020_0043_0043.jpg 1 49 20 43 43
0052_0012_0023_0054_0054.jpg 1 12 23 54 54
0053_0025_0038_0055_0055.jpg 1 25 38 55 55
0054_0054_0022_0024_0024.jpg 1 54 22 24 24
0055_0009_0019_0055_0055.jpg 1 9 19 55 55
0056_0025_0021_0055_0055.jpg 1 25 21 55 55
0057_0023_0056_0037_0037.jpg 1 23 56 37 37
0058_0045_0055_0029_0029.jpg 1 45 55 29 29
0059_0026_0036_0047_0047.jpg 1 26 36 47 47
0060_0021_0020_0053_0053.jpg 1 21 20 53 53
0061_0036_0030_0042_0042.jpg 1 36 30 42 42
0062_0038_0011_0055_0055.jpg 1 38 11 55 55
0063_0050_0040_0043_0043.jpg 1 50 40 43 43
0064_0016_0013_0046_0046.jpg 1 16 13 46 46
0065_0021_0029_0047_0047.jpg 1 21 29 47 47
0066_0006_0028_0050_0050.jpg 1 6 28 50 50
0067_0015_0008_0069_0069.jpg 1 15 8 69 69
0068_0014_0042_0040_0040.jpg 1 14 42 40 40
0069_0013_0019_0036_0036.jpg 1 13 19 36 36
0070_0022_0051_0025_0025.jpg 1 22 51 25 25
0071_0019_0008_0066_0066.jpg 1 19 8 66 66
0072_0018_0021_0069_0069.jpg 1 18 21 69 69
0073_0012_0019_0056_0056.jpg 1 12 19 56 56
0074_0039_0044_0025_0025.jpg 1 39 44 25 25
0075_0043_0037_0039_0039.jpg 1 43 37 39 39
0076_0009_0006_0054_0054.jpg 1 9 6 54 54
0077_0009_0009_0058_0058.jpg 1 9 9 58 58
0078_0031_0008_0063_0063.jpg 1 31 8 63 63
0079_0028_0022_0027_0027.jpg 1 28 22 27 27
0080_0023_0019_0064_0064.jpg 1 23 19 64 64
0081_0025_0023_0042_0042.jpg 1 25 23 42 42
0082_0038_0035_0044_0044.jpg 1 38 35 44 44
0083_0014_0055_0037_0037.jpg 1 14 55 37 37
0084_0008_0043_0040_0040.jpg 1 8 43 40 40
0085_0019_0027_0039_0039.jpg 1 19 27 39 39
0086_0009_0035_0055_0055.jpg 1 9 35 55 55
0087_0019_0023_0052_0052.jpg 1 19 23 52 52
0088_0018_0038_0044_0044.jpg 1 18 38 44 44
0089_0031_0025_0046_0046.jpg 1 31 25 46 46
0090_0028_0019_0053_0053.jpg 1 28 19 53 53
0091_0025_0022_0040_0040.jpg 1 25 22 40 40
0092_0007_0045_0041_0041.jpg 1 7 45 41 41
0093_0004_0006_0064_0064.jpg 1 4 6 64 64
0094_0011_0016_0032_0032.jpg 1 11 16 32 32
0095_0029_0007_0057_0057.jpg 1 29 7 57 57
0096_0015_0027_0065_0065.jpg 1 15 27 65 65
0097_0014_0012_0069_0069.jpg 1 14 12 69 69
0098_0045_0054_0039_0039.jpg 1 45 54 39 39
0099_0030_0019_0048_0048.jpg 1 30 19 48 48
0100_0025_0018_0053_0053.jpg 1 25 18 53 53
0101_0008_0010_0064_0064.jpg 1 8 10 64 64
0102_0007_0025_0063_0063.jpg 1 7 25 63 63
0103_0035_0014_0060_0060.jpg 1 35 14 60 60
0104_0034_0041_0045_0045.jpg 1 34 41 45 45
0105_0026_0044_0048_0048.jpg 1 26 44 48 48
0106_0048_0010_0029_0029.jpg 1 48 10 29 29
0107_0016_0045_0041_0041.jpg 1 16 45 41 41
0108_0017_0015_0040_0040.jpg 1 17 15 40 40
0109_0044_0016_0031_0031.jpg 1 44 16 31 31
0110_0025_0021_0058_0058.jpg 1 25 21 58 58
0111_0030_0010_0052_0052.jpg 1 30 10 52 52
0112_0007_0022_0068_0068.jpg 1 7 22 68 68
0113_0035_0022_0025_0025.jpg 1 35 22 25 25
0114_0034_0008_0059_0059.jpg 1 34 8 59 59
0115_0026_0025_0059_0059.jpg 1 26 25 59 59
0116_0024_0007_0064_0064.jpg 1 24 7 64 64
0117_0006_0004_0063_0063.jpg 1 6 4 63 63
0118_0027_0019_0060_0060.jpg 1 27 19 60 60
0119_0039_0013_0045_0045.jpg 1 39 13 45 45
0120_0007_0008_0059_0059.jpg 1 7 8 59 59
0121_0014_0012_0028_0028.jpg 1 14 12 28 28
0122_0014_0011_0034_0034.jpg 1 14 11 34 34
0123_0012_0011_0057_0057.jpg 1 12 11 57 57
0124_0026_0033_0041_0041.jpg 1 26 33 41 41
0125_0031_0032_0049_0049.jpg 1 31 32 49 49
0126_0027_0029_0061_0061.jpg 1 27 29 61 61
0127_0023_0019_0046_0046.jpg 1 23 19 46 46
0128_0039_0023_0033_0033.jpg 1 39 23 33 33
0129_0007_0009_0026_0026.jpg 1 7 9 26 26
0130_0014_0013_0060_0060.jpg 1 14 13 60 60
0131_0016_0020_0049_0049.jpg 1 16 20 49 49
0132_0038_0042_0049_0049.jpg 1 38 42 49 49
0133_0009_0018_0064_0064.jpg 1 9 18 64 64
0134_0031_0031_0035_0035.jpg 1 31 31 35 35
0135_0041_0010_0035_0035.jpg 1 41 10 35 35
0136_0010_0016_0064_0064.jpg 1 10 16 64 64
0137_0027_0027_0065_0065.jpg 1 27 27 65 65
0138_0039_0014_0037_0037.jpg 1 39 14 37 37
0139_0017_0015_0069_0069.jpg 1 17 15 69 69
0140_0015_0030_0063_0063.jpg 1 15 30 63 63
0141_0045_0009_0044_0044.jpg 1 45 9 44 44
0142_0053_0026_0030_0030.jpg 1 53 26 30 30
0143_0018_0040_0040_0040.jpg 1 18 40 40 40
0144_0026_0017_0068_0068.jpg 1 26 17 68 68
0145_0046_0007_0040_0040.jpg 1 46 7 40 40
0146_0032_0005_0057_0057.jpg 1 32 5 57 57
0147_0059_0007_0028_0028.jpg 1 59 7 28 28
0148_0009_0006_0065_0065.jpg 1 9 6 65 65
0149_0058_0049_0029_0029.jpg 1 58 49 29 29
0150_0039_0005_0046_0046.jpg 1 39 5 46 46
0151_0034_0028_0060_0060.jpg 1 34 28 60 60
0152_0021_0011_0059_0059.jpg 1 21 11 59 59
0153_0026_0005_0067_0067.jpg 1 26 5 67 67
0154_0042_0018_0051_0051.jpg 1 42 18 51 51
0155_0052_0019_0024_0024.jpg 1 52 19 24 24
0156_0030_0031_0050_0050.jpg 1 30 31 50 50
0157_0047_0042_0038_0038.jpg 1 47 42 38 38
0158_0018_0012_0053_0053.jpg 1 18 12 53 53
0159_0016_0023_0063_0063.jpg 1 16 23 63 63
0160_0016_0049_0045_0045.jpg 1 16 49 45 45
0161_0031_0051_0035_0035.jpg 1 31 51 35 35
0162_0048_0048_0040_0040.jpg 1 48 48 40 40
0163_0012_0020_0033_0033.jpg 1 12 20 33 33
0164_0017_0053_0033_0033.jpg 1 17 53 33 33
0165_0029_0014_0053_0053.jpg 1 29 14 53 53
0166_0004_0011_0069_0069.jpg 1 4 11 69 69
0167_0006_0018_0066_0066.jpg 1 6 18 66 66
0168_0034_0041_0050_0050.jpg 1 34 41 50 50
0169_0011_0015_0065_0065.jpg 1 11 15 65 65
0170_0037_0014_0058_0058.jpg 1 37 14 58 58
0171_0039_0018_0026_0026.jpg 1 39 18 26 26
0172_0044_0013_0050_0050.jpg 1 44 13 50 50
0173_0019_0011_0059_0059.jpg 1 19 11 59 59
0174_0017_0041_0042_0042.jpg 1 17 41 42 42
0175_0046_0012_0044_0044.jpg 1 46 12 44 44
0176_0047_0027_0039_0039.jpg 1 47 27 39 39
0177_0028_0035_0031_0031.jpg 1 28 35 31 31
0178_0025_0016_0064_0064.jpg 1 25 16 64 64
0179_0027_0029_0040_0040.jpg 1 27 29 40 40
0180_0031_0046_0047_0047.jpg 1 31 46 47 47
0181_0031_0043_0044_0044.jpg 1 31 43 44 44
0182_0023_0031_0034_0034.jpg 1 23 31 34 34
0183_0028_0057_0025_0025.jpg 1 28 57 25 25
0184_0016_0009_0064_0064.jpg 1 16 9 64 64
0185_0052_0030_0037_0037.jpg 1 52 30 37 37
0186_0043_0052_0032_0032.jpg 1 43 52 32 32
0187_0011_0026_0058_0058.jpg 1 11 26 58 58
0188_0021_0029_0054_0054.jpg 1 21 29 54 54
0189_0048_0041_0045_0045.jpg 1 48 41 45 45
0190_0020_0015_0059_0059.jpg 1 20 15 59 59
0191_0010_0046_0039_0039.jpg 1 10 46 39 39
0192_0044_0019_0041_0041.jpg 1 44 19 41 41
0193_0016_0043_0046_0046.jpg 1 16 43 46 46
0194_0030_0023_0060_0060.jpg 1 30 23 60 60
0195_0021_0050_0037_0037.jpg 1 21 50 37 37
0196_0037_0038_0049_0049.jpg 1 37 38 49 49
0197_0021_0012_0045_0045.jpg 1 21 12 45 45
0198_0039_0040_0037_0037.jpg 1 39 40 37 37
0199_0042_0045_0039_0039.jpg 1 42 45 39 39
0200_0022_0018_0048_0048.jpg 1 22 18 48 48
0201_0024_0016_0032_0032.jpg 1 24 16 32 32
0202_0014_0011_0048_0048.jpg 1 14 11 48 48
0203_0037_0022_0045_0045.jpg 1 37 22 45 45
0204_0052_0032_0028_0028.jpg 1 52 32 28 28
0205_0038_0013_0050_0050.jpg 1 38 13 50 50
0206_0015_0012_0055_0055.jpg 1 15 12 55 55
0207_0045_0020_0032_0032.jpg 1 45 20 32 32
0208_0012_0028_0062_0062.jpg 1 12 28 62 62
0209_0041_0041_0044_0044.jpg 1 41 41 44 44
0210_0052_0057_0029_0029.jpg 1 52 57 29 29
0211_0042_0037_0051_0051.jpg 1 42 37 51 51
0212_0049_0017_0042_0042.jpg 1 49 17 42 42
0213_0022_0064_0024_0024.jpg 1 22 64 24 24
0214_0039_0033_0046_0046.jpg 1 39 33 46 46
0215_0007_0044_0049_0049.jpg 1 7 44 49 49
0216_0018_0010_0063_0063.jpg 1 18 10 63 63
0217_0020_0052_0033_0033.jpg 1 20 52 33 33
0218_0026_0011_0059_0059.jpg 1 26 11 59 59
0219_0005_0029_0045_0045.jpg 1 5 29 45 45
0220_0015_0008_0053_0053.jpg 1 15 8 53 53
0221_0016_0016_0069_0069.jpg 1 16 16 69 69
0222_0047_0045_0046_0046.jpg 1 47 45 46 46
0223_0011_0023_0048_0048.jpg 1 11 23 48 48
0224_0019_0015_0043_0043.jpg 1 19 15 43 43
0225_0023_0022_0063_0063.jpg 1 23 22 63 63
0226_0009_0056_0029_0029.jpg 1 9 56 29 29
0227_0038_0019_0042_0042.jpg 1 38 19 42 42
0228_0043_0018_0048_0048.jpg 1 43 18 48 48
0229_0004_0006_0067_0067.jpg 1 4 6 67 67
0230_0022_0006_0056_0056.jpg 1 22 6 56 56
0231_0034_0009_0054_0054.jpg 1 34 9 54 54
0232_0007_0018_0045_0045.jpg 1 7 18 45 45
0233_0048_0026_0041_0041.jpg 1 48 26 41 41
0234_0053_0056_0035_0035.jpg 1 53 56 35 35
0235_0039_0027_0044_0044.jpg 1 39 27 44 44
0236_0065_0035_0027_0027.jpg 1 65 35 27 27
0237_0027_0046_0034_0034.jpg 1 27 46 34 34
0238_0014_0007_0041_0041.jpg 1 14 7 41 41
0239_0040_0050_0024_0024.jpg 1 40 50 24 24
0240_0053_0058_0034_0034.jpg 1 53 58 34 34
0241_0004_0024_0060_0060.jpg 1 4 24 60 60
0242_0046_0025_0024_0024.jpg 1 46 25 24 24
0243_0056_0046_0037_0037.jpg 1 56 46 37 37
0244_0018_0059_0034_0034.jpg 1 18 59 34 34
0245_0027_0037_0058_0058.jpg 1 27 37 58 58
0246_0032_0047_0032_0032.jpg 1 32 47 32 32
0247_0034_0051_0038_0038.jpg 1 34 51 38 38
0248_0016_0040_0055_0055.jpg 1 16 40 55 55
0249_0014_0009_0055_0055.jpg 1 14 9 55 55
0250_0021_0027_0054_0054.jpg 1 21 27 54 54
0251_0016_0020_0051_0051.jpg 1 16 20 51 51
0252_0027_0010_0061_0061.jpg 1 27 10 61 61
0253_0024_0021_0037_0037.jpg 1 24 21 37 37
0254_0034_0030_0029_0029.jpg 1 34 30 29 29
0255_0051_0016_0035_0035.jpg 1 51 16 35 35
0256_0027_0010_0044_0044.jpg 1 27 10 44 44
0257_0007_0034_0060_0060.jpg 1 7 34 60 60
0258_0046_0028_0025_0025.jpg 1 46 28 25 25
0259_0042_0038_0032_0032.jpg 1 42 38 32 32
0260_0005_0034_0044_0044.jpg 1 5 34 44 44
0261_0030_0023_0060_0060.jpg 1 30 23 60 60
0262_0053_0021_0035_0035.jpg 1 53 21 35 35
0263_0007_0035_0057_0057.jpg 1 7 35 57 57
0264_0039_0041_0054_0054.jpg 1 39 41 54 54
0265_0044_0006_0049_0049.jpg 1 44 6 49 49
0266_0007_0044_0047_0047.jpg 1 7 44 47 47
0267_0051_0013_0031_0031.jpg 1 51 13 31 31
0268_0024_0007_0060_0060.jpg 1 24 7 60 60
0269_0018_0019_0051_0051.jpg 1 18 19 51 51
0270_0013_0028_0063_0063.jpg 1 13 28 63 63
0271_0031_0049_0045_0045.jpg 1 31 49 45 45
0272_0008_0036_0055_0055.jpg 1 8 36 55 55
0273_0006_0023_0059_0059.jpg 1 6 23 59 59
0274_0040_0012_0046_0046.jpg 1 40 12 46 46
0275_0018_0026_0045_0045.jpg 1 18 26 45 45
0276_0043_0049_0037_0037.jpg 1 43 49 37 37
0277_0036_0054_0032_0032.jpg 1 36 54 32 32
0278_0017_0007_0069_0069.jpg 1 17 7 69 69
0279_0039_0008_0035_0035.jpg 1 39 8 35 35
0280_0030_0020_0053_0053.jpg 1 30 20 53 53
0281_0027_0021_0059_0059.jpg 1 27 21 59 59
0282_0016_0008_0066_0066.jpg 1 16 8 66 66
0283_0031_0012_0060_0060.jpg 1 31 12 60 60
0284_0007_0007_0067_0067.jpg 1 7 7 67 67
0285_0012_0032_0044_0044.jpg 1 12 32 44 44
0286_0041_0015_0051_0051.jpg 1 41 15 51 51
0287_0015_0015_0033_0033.jpg 1 15 15 33 33
0288_0028_0010_0045_0045.jpg 1 28 10 45 45
0289_0035_0038_0040_0040.jpg 1 35 38 40 40
0290_0020_0049_0036_0036.jpg 1 20 49 36 36
0291_0026_0022_0046_0046.jpg 1 26 22 46 46
0292_0008_0033_0062_0062.jpg 1 8 33 62 62
0293_0021_0026_0034_0034.jpg 1 21 26 34 34
0294_0048_0015_0036_0036.jpg 1 48 15 36 36
0295_0045_0042_0042_0042.jpg 1 45 42 42 42
0296_0037_0053_0028_0028.jpg 1 37 53 28 28
0297_0027_0015_0058_0058.jpg 1 27 15 58 58
0298_0055_0009_0036_0036.jpg 1 55 9 36 36
0299_0022_0034_0048_0048.jpg 1 22 34 48 48
0300_0012_0018_0067_0067.jpg 1 12 18 67 67
0301_0029_0006_0051_0051.jpg 1 29 6 51 51
0302_0034_0021_0056_0056.jpg 1 34 21 56 56
0303_0057_0021_0032_0032.jpg 1 57 21 32 32
0304_0028_0011_0051_0051.jpg 1 28 11 51 51
0305_0020_0064_0027_0027.jpg 1 20 64 27 27
0306_0016_0024_0068_0068.jpg 1 16 24 68 68
0307_0005_0027_0056_0056.jpg 1 5 27 56 56
0308_0037_0046_0039_0039.jpg 1 37 46 39 39
0309_0024_0018_0050_0050.jpg 1 24 18 50 50
0310_0019_0049_0037_0037.jpg 1 19 49 37 37
0311_0026_0028_0067_0067.jpg 1 26 28 67 67
0312_0025_0009_0064_0064.jpg 1 25 9 64 64
0313_0029_0028_0036_0036.jpg 1 29 28 36 36
0314_0017_0038_0050_0050.jpg 1 17 38 50 50
0315_0039_0009_0053_0053.jpg 1 39 9 53 53
0316_0038_0006_0052_0052.jpg 1 38 6 52 52
0317_0026_0012_0067_0067.jpg 1 26 12 67 67
0318_0025_0037_0058_0058.jpg 1 25 37 58 58
0319_0026_0028_0044_0044.jpg 1 26 28 44 44
0320_0027_0039_0054_0054.jpg 1 27 39 54 54
0321_0045_0030_0038_0038.jpg 1 45 30 38 38
0322_0027_0008_0038_0038.jpg 1 27 8 38 38
0323_0022_0009_0032_0032.jpg 1 22 9 32 32
0324_0021_0019_0044_0044.jpg 1 21 19 44 44
0325_0020_0017_0054_0054.jpg 1 20 17 54 54
0326_0029_0029_0057_0057.jpg 1 29 29 57 57
0327_0009_0036_0042_0042.jpg 1 9 36 42 42
0328_0005_0030_0052_0052.jpg 1 5 30 52 52
0329_0020_0010_0044_0044.jpg 1 20 10 44 44
0330_0027_0036_0044_0044.jpg 1 27 36 44 44
0331_0021_0039_0052_0052.jpg 1 21 39 52 52
0332_0005_0024_0058_0058.jpg 1 5 24 58 58
0333_0016_0016_0064_0064.jpg 1 16 16 64 64
0334_0004_0033_0061_0061.jpg 1 4 33 61 61
0335_0016_0040_0046_0046.jpg 1 16 40 46 46
0336_0045_0013_0045_0045.jpg 1 45 13 45 45
0337_0005_0018_0042_0042.jpg 1 5 18 42 42
0338_0039_0019_0055_0055.jpg 1 39 19 55 55
0339_0009_0019_0068_0068.jpg 1 9 19 68 68
0340_0037_0033_0049_0049.jpg 1 37 33 49 49
0341_0024_0027_0067_0067.jpg 1 24 27 67 67
0342_0026_0042_0035_0035.jpg 1 26 42 35 35
0343_0031_0025_0034_0034.jpg 1 31 25 34 34
0344_0023_0026_0051_0051.jpg 1 23 26 51 51
0345_0009_0050_0032_0032.jpg 1 9 50 32 32
0346_0045_0047_0025_0025.jpg 1 45 47 25 25
0347_0055_0022_0038_0038.jpg 1 55 22 38 38
0348_0014_0003_0065_0065.jpg 1 14 3 65 65
0349_0033_0040_0053_0053.jpg 1 33 40 53 53
0350_0010_0034_0049_0049.jpg 1 10 34 49 49
0351_0030_0015_0025_0025.jpg 1 30 15 25 25
0352_0020_0006_0062_0062.jpg 1 20 6 62 62
0353_0020_0007_0063_0063.jpg 1 20 7 63 63
0354_0036_0047_0031_0031.jpg 1 36 47 31 31
0355_0009_0034_0055_0055.jpg 1 9 34 55 55
0356_0025_0018_0062_0062.jpg 1 25 18 62 62
0357_0013_0020_0064_0064.jpg 1 13 20 64 64
0358_0037_0023_0052_0052.jpg 1 37 23 52 52
